2015/07/18 21:52:36 [error] [exception.CDbException] exception 'CDbException' with message 'CDbConnection failed to open the DB connection: SQLSTATE[HY000] [1049] Unknown database 'testdrive'' in /home/st3rax/web/yii/framework/db/CDbConnection.php:399
Stack trace:
#0 /home/st3rax/web/yii/framework/db/CDbConnection.php(347): CDbConnection->open()
#1 /home/st3rax/web/yii/framework/db/CDbConnection.php(325): CDbConnection->setActive(true)
#2 /home/st3rax/web/yii/framework/base/CModule.php(394): CDbConnection->init()
#3 /home/st3rax/web/yii/framework/base/CModule.php(103): CModule->getComponent('db')
#4 /home/st3rax/web/yii/framework/gii/generators/crud/CrudCode.php(44): CModule->__get('db')
#5 /home/st3rax/web/yii/framework/web/CFormModel.php(39): CrudCode->init()
#6 /home/st3rax/web/yii/framework/gii/CCodeGenerator.php(153): CFormModel->__construct()
#7 /home/st3rax/web/yii/framework/gii/CCodeGenerator.php(63): CCodeGenerator->prepare()
#8 /home/st3rax/web/yii/framework/web/actions/CInlineAction.php(49): CCodeGenerator->actionIndex()
#9 /home/st3rax/web/yii/framework/web/CController.php(308): CInlineAction->runWithParams(Array)
#10 /home/st3rax/web/yii/framework/web/CController.php(286): CController->runAction(Object(CInlineAction))
#11 /home/st3rax/web/yii/framework/web/CController.php(265): CController->runActionWithFilters(Object(CInlineAction), Array)
#12 /home/st3rax/web/yii/framework/web/CWebApplication.php(282): CController->run('index')
#13 /home/st3rax/web/yii/framework/web/CWebApplication.php(141): CWebApplication->runController('gii/crud/index')
#14 /home/st3rax/web/yii/framework/base/CApplication.php(184): CWebApplication->processRequest()
#15 /home/st3rax/web/octopus/index.php(13): CApplication->run()
#16 {main}
REQUEST_URI=/octopus/index.php?r=gii/crud/index
HTTP_REFERER=http://192.168.100.55/octopus/index.php?r=gii/default/index
---
2015/07/18 21:52:41 [error] [exception.CDbException] exception 'CDbException' with message 'CDbConnection failed to open the DB connection: SQLSTATE[HY000] [1049] Unknown database 'testdrive'' in /home/st3rax/web/yii/framework/db/CDbConnection.php:399
Stack trace:
#0 /home/st3rax/web/yii/framework/db/CDbConnection.php(347): CDbConnection->open()
#1 /home/st3rax/web/yii/framework/db/CDbConnection.php(325): CDbConnection->setActive(true)
#2 /home/st3rax/web/yii/framework/base/CModule.php(394): CDbConnection->init()
#3 /home/st3rax/web/yii/framework/base/CModule.php(103): CModule->getComponent('db')
#4 /home/st3rax/web/yii/framework/gii/generators/model/ModelCode.php(60): CModule->__get('db')
#5 /home/st3rax/web/yii/framework/web/CFormModel.php(39): ModelCode->init()
#6 /home/st3rax/web/yii/framework/gii/CCodeGenerator.php(153): CFormModel->__construct()
#7 /home/st3rax/web/yii/framework/gii/CCodeGenerator.php(63): CCodeGenerator->prepare()
#8 /home/st3rax/web/yii/framework/web/actions/CInlineAction.php(49): CCodeGenerator->actionIndex()
#9 /home/st3rax/web/yii/framework/web/CController.php(308): CInlineAction->runWithParams(Array)
#10 /home/st3rax/web/yii/framework/web/CController.php(286): CController->runAction(Object(CInlineAction))
#11 /home/st3rax/web/yii/framework/web/CController.php(265): CController->runActionWithFilters(Object(CInlineAction), Array)
#12 /home/st3rax/web/yii/framework/web/CWebApplication.php(282): CController->run('index')
#13 /home/st3rax/web/yii/framework/web/CWebApplication.php(141): CWebApplication->runController('gii/model/index')
#14 /home/st3rax/web/yii/framework/base/CApplication.php(184): CWebApplication->processRequest()
#15 /home/st3rax/web/octopus/index.php(13): CApplication->run()
#16 {main}
REQUEST_URI=/octopus/index.php?r=gii/model/index
HTTP_REFERER=http://192.168.100.55/octopus/index.php?r=gii/form/index
---
2015/07/18 21:52:45 [error] [exception.CDbException] exception 'CDbException' with message 'CDbConnection failed to open the DB connection: SQLSTATE[HY000] [1049] Unknown database 'testdrive'' in /home/st3rax/web/yii/framework/db/CDbConnection.php:399
Stack trace:
#0 /home/st3rax/web/yii/framework/db/CDbConnection.php(347): CDbConnection->open()
#1 /home/st3rax/web/yii/framework/db/CDbConnection.php(325): CDbConnection->setActive(true)
#2 /home/st3rax/web/yii/framework/base/CModule.php(394): CDbConnection->init()
#3 /home/st3rax/web/yii/framework/base/CModule.php(103): CModule->getComponent('db')
#4 /home/st3rax/web/yii/framework/gii/generators/model/ModelCode.php(60): CModule->__get('db')
#5 /home/st3rax/web/yii/framework/web/CFormModel.php(39): ModelCode->init()
#6 /home/st3rax/web/yii/framework/gii/CCodeGenerator.php(153): CFormModel->__construct()
#7 /home/st3rax/web/yii/framework/gii/CCodeGenerator.php(63): CCodeGenerator->prepare()
#8 /home/st3rax/web/yii/framework/web/actions/CInlineAction.php(49): CCodeGenerator->actionIndex()
#9 /home/st3rax/web/yii/framework/web/CController.php(308): CInlineAction->runWithParams(Array)
#10 /home/st3rax/web/yii/framework/web/CController.php(286): CController->runAction(Object(CInlineAction))
#11 /home/st3rax/web/yii/framework/web/CController.php(265): CController->runActionWithFilters(Object(CInlineAction), Array)
#12 /home/st3rax/web/yii/framework/web/CWebApplication.php(282): CController->run('index')
#13 /home/st3rax/web/yii/framework/web/CWebApplication.php(141): CWebApplication->runController('gii/model/index')
#14 /home/st3rax/web/yii/framework/base/CApplication.php(184): CWebApplication->processRequest()
#15 /home/st3rax/web/octopus/index.php(13): CApplication->run()
#16 {main}
REQUEST_URI=/octopus/index.php?r=gii/model/index
HTTP_REFERER=http://192.168.100.55/octopus/index.php?r=gii/form/index
---
2015/07/18 21:53:00 [error] [exception.CDbException] exception 'CDbException' with message 'CDbConnection failed to open the DB connection: SQLSTATE[HY000] [1049] Unknown database 'testdrive'' in /home/st3rax/web/yii/framework/db/CDbConnection.php:399
Stack trace:
#0 /home/st3rax/web/yii/framework/db/CDbConnection.php(347): CDbConnection->open()
#1 /home/st3rax/web/yii/framework/db/CDbConnection.php(325): CDbConnection->setActive(true)
#2 /home/st3rax/web/yii/framework/base/CModule.php(394): CDbConnection->init()
#3 /home/st3rax/web/yii/framework/base/CModule.php(103): CModule->getComponent('db')
#4 /home/st3rax/web/yii/framework/gii/generators/crud/CrudCode.php(44): CModule->__get('db')
#5 /home/st3rax/web/yii/framework/web/CFormModel.php(39): CrudCode->init()
#6 /home/st3rax/web/yii/framework/gii/CCodeGenerator.php(153): CFormModel->__construct()
#7 /home/st3rax/web/yii/framework/gii/CCodeGenerator.php(63): CCodeGenerator->prepare()
#8 /home/st3rax/web/yii/framework/web/actions/CInlineAction.php(49): CCodeGenerator->actionIndex()
#9 /home/st3rax/web/yii/framework/web/CController.php(308): CInlineAction->runWithParams(Array)
#10 /home/st3rax/web/yii/framework/web/CController.php(286): CController->runAction(Object(CInlineAction))
#11 /home/st3rax/web/yii/framework/web/CController.php(265): CController->runActionWithFilters(Object(CInlineAction), Array)
#12 /home/st3rax/web/yii/framework/web/CWebApplication.php(282): CController->run('index')
#13 /home/st3rax/web/yii/framework/web/CWebApplication.php(141): CWebApplication->runController('gii/crud/index')
#14 /home/st3rax/web/yii/framework/base/CApplication.php(184): CWebApplication->processRequest()
#15 /home/st3rax/web/octopus/index.php(13): CApplication->run()
#16 {main}
REQUEST_URI=/octopus/index.php?r=gii/crud/index
HTTP_REFERER=http://192.168.100.55/octopus/index.php?r=gii/module/index
---
2015/07/18 23:52:05 [error] [exception.CException] exception 'CException' with message 'Object configuration must be an array containing a "class" element.' in /home/st3rax/web/yii/framework/YiiBase.php:193
Stack trace:
#0 /home/st3rax/web/yii/framework/base/CModule.php(393): YiiBase::createComponent(Array)
#1 /home/st3rax/web/yii/framework/base/CModule.php(103): CModule->getComponent('dboctopus')
#2 /home/st3rax/web/octopus/protected/controllers/OctopusController.php(22): CModule->__get('dboctopus')
#3 /home/st3rax/web/octopus/protected/controllers/OctopusController.php(7): OctopusController->connect()
#4 /home/st3rax/web/yii/framework/web/actions/CInlineAction.php(49): OctopusController->actionMain()
#5 /home/st3rax/web/yii/framework/web/CController.php(308): CInlineAction->runWithParams(Array)
#6 /home/st3rax/web/yii/framework/web/CController.php(286): CController->runAction(Object(CInlineAction))
#7 /home/st3rax/web/yii/framework/web/CController.php(265): CController->runActionWithFilters(Object(CInlineAction), Array)
#8 /home/st3rax/web/yii/framework/web/CWebApplication.php(282): CController->run('main')
#9 /home/st3rax/web/yii/framework/web/CWebApplication.php(141): CWebApplication->runController('octopus/main')
#10 /home/st3rax/web/yii/framework/base/CApplication.php(184): CWebApplication->processRequest()
#11 /home/st3rax/web/octopus/index.php(13): CApplication->run()
#12 {main}
REQUEST_URI=/octopus/index.php?r=octopus/main
---
2015/07/18 23:52:35 [error] [exception.CException] exception 'CException' with message 'Object configuration must be an array containing a "class" element.' in /home/st3rax/web/yii/framework/YiiBase.php:193
Stack trace:
#0 /home/st3rax/web/yii/framework/base/CModule.php(393): YiiBase::createComponent(Array)
#1 /home/st3rax/web/yii/framework/base/CModule.php(103): CModule->getComponent('dboctopus')
#2 /home/st3rax/web/octopus/protected/controllers/OctopusController.php(22): CModule->__get('dboctopus')
#3 /home/st3rax/web/octopus/protected/controllers/OctopusController.php(7): OctopusController->connect()
#4 /home/st3rax/web/yii/framework/web/actions/CInlineAction.php(49): OctopusController->actionMain()
#5 /home/st3rax/web/yii/framework/web/CController.php(308): CInlineAction->runWithParams(Array)
#6 /home/st3rax/web/yii/framework/web/CController.php(286): CController->runAction(Object(CInlineAction))
#7 /home/st3rax/web/yii/framework/web/CController.php(265): CController->runActionWithFilters(Object(CInlineAction), Array)
#8 /home/st3rax/web/yii/framework/web/CWebApplication.php(282): CController->run('main')
#9 /home/st3rax/web/yii/framework/web/CWebApplication.php(141): CWebApplication->runController('octopus/main')
#10 /home/st3rax/web/yii/framework/base/CApplication.php(184): CWebApplication->processRequest()
#11 /home/st3rax/web/octopus/index.php(13): CApplication->run()
#12 {main}
REQUEST_URI=/octopus/index.php?r=octopus/main
---
2015/07/19 00:00:20 [error] [php] Missing argument 1 for OctopusController::getRoute(), called in /home/st3rax/web/yii/framework/zii/widgets/CMenu.php on line 160 and defined (/home/st3rax/web/octopus/protected/controllers/OctopusController.php:11)
Stack trace:
#0 /home/st3rax/web/yii/framework/web/CBaseController.php(180): OctopusController->createWidget()
#1 /home/st3rax/web/octopus/protected/views/layouts/main.php(38): OctopusController->widget()
#2 /home/st3rax/web/yii/framework/web/CBaseController.php(126): require()
#3 /home/st3rax/web/yii/framework/web/CBaseController.php(95): OctopusController->renderInternal()
#4 /home/st3rax/web/yii/framework/web/widgets/CContentDecorator.php(76): OctopusController->renderFile()
#5 /home/st3rax/web/yii/framework/web/widgets/CContentDecorator.php(54): CContentDecorator->decorate()
#6 /home/st3rax/web/yii/framework/web/widgets/COutputProcessor.php(44): CContentDecorator->processOutput()
#7 /home/st3rax/web/yii/framework/web/CBaseController.php(214): CContentDecorator->run()
#8 /home/st3rax/web/yii/framework/web/CBaseController.php(308): OctopusController->endWidget()
#9 /home/st3rax/web/octopus/protected/views/layouts/column1.php(6): OctopusController->endContent()
#10 /home/st3rax/web/yii/framework/web/CBaseController.php(126): require()
#11 /home/st3rax/web/yii/framework/web/CBaseController.php(95): OctopusController->renderInternal()
#12 /home/st3rax/web/yii/framework/web/CController.php(784): OctopusController->renderFile()
#13 /home/st3rax/web/octopus/protected/controllers/OctopusController.php(8): OctopusController->render()
#14 /home/st3rax/web/yii/framework/web/actions/CInlineAction.php(49): OctopusController->actionMain()
#15 /home/st3rax/web/yii/framework/web/CController.php(308): CInlineAction->runWithParams()
#16 /home/st3rax/web/yii/framework/web/CController.php(286): OctopusController->runAction()
#17 /home/st3rax/web/yii/framework/web/CController.php(265): OctopusController->runActionWithFilters()
#18 /home/st3rax/web/yii/framework/web/CWebApplication.php(282): OctopusController->run()
#19 /home/st3rax/web/yii/framework/web/CWebApplication.php(141): CWebApplication->runController()
#20 /home/st3rax/web/yii/framework/base/CApplication.php(184): CWebApplication->processRequest()
#21 /home/st3rax/web/octopus/index.php(13): CWebApplication->run()
REQUEST_URI=/octopus/index.php?r=octopus/main
in /home/st3rax/web/octopus/protected/controllers/OctopusController.php (11)
in /home/st3rax/web/octopus/protected/views/layouts/main.php (38)
in /home/st3rax/web/octopus/protected/views/layouts/column1.php (6)
2015/07/19 00:23:42 [error] [php] Undefined variable: num (/home/st3rax/web/octopus/protected/views/octopus/main.php:9)
Stack trace:
#0 /home/st3rax/web/yii/framework/web/CController.php(869): OctopusController->renderFile()
#1 /home/st3rax/web/yii/framework/web/CController.php(782): OctopusController->renderPartial()
#2 /home/st3rax/web/octopus/protected/controllers/OctopusController.php(8): OctopusController->render()
#3 /home/st3rax/web/yii/framework/web/actions/CInlineAction.php(49): OctopusController->actionMain()
#4 /home/st3rax/web/yii/framework/web/CController.php(308): CInlineAction->runWithParams()
#5 /home/st3rax/web/yii/framework/web/CController.php(286): OctopusController->runAction()
#6 /home/st3rax/web/yii/framework/web/CController.php(265): OctopusController->runActionWithFilters()
#7 /home/st3rax/web/yii/framework/web/CWebApplication.php(282): OctopusController->run()
#8 /home/st3rax/web/yii/framework/web/CWebApplication.php(141): CWebApplication->runController()
#9 /home/st3rax/web/yii/framework/base/CApplication.php(184): CWebApplication->processRequest()
#10 /home/st3rax/web/octopus/index.php(13): CWebApplication->run()
REQUEST_URI=/octopus/index.php?r=octopus/main
in /home/st3rax/web/octopus/protected/views/octopus/main.php (9)
in /home/st3rax/web/octopus/protected/controllers/OctopusController.php (8)
in /home/st3rax/web/octopus/index.php (13)
